Determining if the pthread_create exist failed with the following output:
Change Dir: /root/Foot_test_stand/build/CMakeFiles/CMakeTmp

Run Build Command:/usr/bin/make "cmTryCompileExec754497896/fast"
/usr/bin/make -f CMakeFiles/cmTryCompileExec754497896.dir/build.make CMakeFiles/cmTryCompileExec754497896.dir/build
make[1]: Entering directory `/root/Foot_test_stand/build/CMakeFiles/CMakeTmp'
/usr/bin/cmake -E cmake_progress_report /root/Foot_test_stand/build/CMakeFiles/CMakeTmp/CMakeFiles 1
Building C object CMakeFiles/cmTryCompileExec754497896.dir/CheckSymbolExists.c.o
/usr/bin/gcc    -o CMakeFiles/cmTryCompileExec754497896.dir/CheckSymbolExists.c.o   -c /root/Foot_test_stand/build/CMakeFiles/CMakeTmp/CheckSymbolExists.c
Linking C executable cmTryCompileExec754497896
/usr/bin/cmake -E cmake_link_script CMakeFiles/cmTryCompileExec754497896.dir/link.txt --verbose=1
/usr/bin/gcc         CMakeFiles/cmTryCompileExec754497896.dir/CheckSymbolExists.c.o  -o cmTryCompileExec754497896 -rdynamic 
CMakeFiles/cmTryCompileExec754497896.dir/CheckSymbolExists.c.o: In function `main':
CheckSymbolExists.c:(.text+0x10): undefined reference to `pthread_create'
CheckSymbolExists.c:(.text+0x14): undefined reference to `pthread_create'
collect2: ld returned 1 exit status
make[1]: Leaving directory `/root/Foot_test_stand/build/CMakeFiles/CMakeTmp'
make[1]: *** [cmTryCompileExec754497896] Error 1
make: *** [cmTryCompileExec754497896/fast] Error 2

File /root/Foot_test_stand/build/CMakeFiles/CMakeTmp/CheckSymbolExists.c:
/* */
#include <pthread.h>

int main(int argc, char** argv)
{
  (void)argv;
#ifndef pthread_create
  return ((int*)(&pthread_create))[argc];
#else
  (void)argc;
  return 0;
#endif
}

Determining if the function pthread_create exists in the pthreads failed with the following output:
Change Dir: /root/Foot_test_stand/build/CMakeFiles/CMakeTmp

Run Build Command:/usr/bin/make "cmTryCompileExec3680351825/fast"
/usr/bin/make -f CMakeFiles/cmTryCompileExec3680351825.dir/build.make CMakeFiles/cmTryCompileExec3680351825.dir/build
make[1]: Entering directory `/root/Foot_test_stand/build/CMakeFiles/CMakeTmp'
/usr/bin/cmake -E cmake_progress_report /root/Foot_test_stand/build/CMakeFiles/CMakeTmp/CMakeFiles 1
Building C object CMakeFiles/cmTryCompileExec3680351825.dir/CheckFunctionExists.c.o
/usr/bin/gcc   -DCHECK_FUNCTION_EXISTS=pthread_create   -o CMakeFiles/cmTryCompileExec3680351825.dir/CheckFunctionExists.c.o   -c /usr/share/cmake-2.8/Modules/CheckFunctionExists.c
Linking C executable cmTryCompileExec3680351825
/usr/bin/cmake -E cmake_link_script CMakeFiles/cmTryCompileExec3680351825.dir/link.txt --verbose=1
/usr/bin/gcc     -DCHECK_FUNCTION_EXISTS=pthread_create    CMakeFiles/cmTryCompileExec3680351825.dir/CheckFunctionExists.c.o  -o cmTryCompileExec3680351825 -rdynamic -lpthreads 
/usr/bin/ld: cannot find -lpthreads
collect2: ld returned 1 exit status
make[1]: Leaving directory `/root/Foot_test_stand/build/CMakeFiles/CMakeTmp'
make[1]: *** [cmTryCompileExec3680351825] Error 1
make: *** [cmTryCompileExec3680351825/fast] Error 2


